Start testing: Nov 18 21:48 CET
----------------------------------------------------------
1/1 Testing: runUnitTests
1/1 Test: runUnitTests
Command: "/home/lukas/uni/BSPr/lib/ds/build/runUnitTests"
Directory: /home/lukas/uni/BSPr/lib/ds/build
"runUnitTests" start time: Nov 18 21:48 CET
Output:
----------------------------------------------------------
[==========] Running 2 tests from 2 test cases.
[----------] Global test environment set-up.
[----------] 1 test from TestStaticLinkedList
[ RUN      ] TestStaticLinkedList.TestAllocation
[       OK ] TestStaticLinkedList.TestAllocation (0 ms)
[----------] 1 test from TestStaticLinkedList (0 ms total)

[----------] 1 test from TestStaticHeap
[ RUN      ] TestStaticHeap.TestAllocation
/home/lukas/uni/BSPr/lib/ds/static_heap_test.cpp:5: Failure
Expected equality of these values:
  static_heap_allocate()
    Which is: NULL
  sh.static_heap_data
    Which is: 0x55a1e60648a0
/home/lukas/uni/BSPr/lib/ds/static_heap_test.cpp:6: Failure
Expected equality of these values:
  static_heap_allocate()
    Which is: NULL
  sh.static_heap_data + 1
    Which is: 0x55a1e60648a4
/home/lukas/uni/BSPr/lib/ds/static_heap_test.cpp:7: Failure
Expected equality of these values:
  static_heap_allocate()
    Which is: NULL
  sh.static_heap_data + 2
    Which is: 0x55a1e60648a8
[  FAILED  ] TestStaticHeap.TestAllocation (0 ms)
[----------] 1 test from TestStaticHeap (0 ms total)

[----------] Global test environment tear-down
[==========] 2 tests from 2 test cases ran. (0 ms total)
[  PASSED  ] 1 test.
[  FAILED  ] 1 test, listed below:
[  FAILED  ] TestStaticHeap.TestAllocation

 1 FAILED TEST
<end of output>
Test time =   0.00 sec
----------------------------------------------------------
Test Failed.
"runUnitTests" end time: Nov 18 21:48 CET
"runUnitTests" time elapsed: 00:00:00
----------------------------------------------------------

End testing: Nov 18 21:48 CET
